[PID:2025768] access: 检查文件 '/home/kevin/anaconda3/bin/gcc', 模式:[X_OK ], 结果=-1 (失败)
[PID:2025768] access: 检查文件 '/home/kevin/anaconda3/condabin/gcc', 模式:[X_OK ], 结果=-1 (失败)
[PID:2025768] access: 检查文件 '/home/kevin/.cursor-server/cli/servers/Stable-7111807980fa9c93aedd455ffa44b682c0dc1350/server/bin/remote-cli/gcc', 模式:[X_OK ], 结果=-1 (失败)
[PID:2025768] access: 检查文件 '/usr/local/sbin/gcc', 模式:[X_OK ], 结果=-1 (失败)
[PID:2025768] access: 检查文件 '/usr/local/bin/gcc', 模式:[X_OK ], 结果=-1 (失败)
[PID:2025768] access: 检查文件 '/usr/sbin/gcc', 模式:[X_OK ], 结果=-1 (失败)
[PID:2025768] access: 检查文件 '/usr/bin/gcc', 模式:[X_OK ], 结果=0 (成功)
[PID:2025768] access: 检查文件 '/home/kevin/anaconda3/bin/gcc', 模式:[X_OK ], 结果=-1 (失败)
[PID:2025768] access: 检查文件 '/home/kevin/anaconda3/condabin/gcc', 模式:[X_OK ], 结果=-1 (失败)
[PID:2025768] access: 检查文件 '/home/kevin/.cursor-server/cli/servers/Stable-7111807980fa9c93aedd455ffa44b682c0dc1350/server/bin/remote-cli/gcc', 模式:[X_OK ], 结果=-1 (失败)
[PID:2025768] access: 检查文件 '/usr/local/sbin/gcc', 模式:[X_OK ], 结果=-1 (失败)
[PID:2025768] access: 检查文件 '/usr/local/bin/gcc', 模式:[X_OK ], 结果=-1 (失败)
[PID:2025768] access: 检查文件 '/usr/sbin/gcc', 模式:[X_OK ], 结果=-1 (失败)
[PID:2025768] access: 检查文件 '/usr/bin/gcc', 模式:[X_OK ], 结果=0 (成功)
[PID:2025768] access: 检查文件 '/usr/lib/gcc/x86_64-linux-gnu/13/', 模式:[X_OK ], 结果=0 (成功)
[PID:2025768] access: 检查文件 '/usr/lib/gcc/x86_64-linux-gnu/13/', 模式:[X_OK ], 结果=0 (成功)
[PID:2025768] access: 检查文件 '/usr/lib/gcc/x86_64-linux-gnu/13/specs', 模式:[R_OK ], 结果=-1 (失败)
[PID:2025768] access: 检查文件 '/usr/lib/gcc/x86_64-linux-gnu/13/../../../../x86_64-linux-gnu/lib/x86_64-linux-gnu/13/specs', 模式:[R_OK ], 结果=-1 (失败)
[PID:2025768] access: 检查文件 '/usr/lib/gcc/x86_64-linux-gnu/13/../../../../x86_64-linux-gnu/lib/specs', 模式:[R_OK ], 结果=-1 (失败)
[PID:2025768] access: 检查文件 '/usr/lib/gcc/x86_64-linux-gnu/specs', 模式:[R_OK ], 结果=-1 (失败)
[PID:2025768] access: 检查文件 '/usr/lib/gcc/x86_64-linux-gnu/13/', 模式:[X_OK ], 结果=0 (成功)
[PID:2025768] access: 检查文件 '/usr/libexec/gcc/x86_64-linux-gnu/13/lto-wrapper', 模式:[X_OK ], 结果=0 (成功)
[PID:2025768] access: 检查文件 '/tmp', 模式:[R_OK W_OK X_OK ], 结果=0 (成功)
[PID:2025768] close: 关闭文件描述符=3, 结果=0
[PID:2025768] access: 检查文件 '/usr/libexec/gcc/x86_64-linux-gnu/13/cc1', 模式:[X_OK ], 结果=0 (成功)
[PID:2025769] close: 关闭文件描述符=3, 结果=0
[PID:2025769] execv: 执行命令: /usr/libexec/gcc/x86_64-linux-gnu/13/cc1 /usr/libexec/gcc/x86_64-linux-gnu/13/cc1 -quiet -imultiarch x86_64-linux-gnu syscall_hook_fixed.c -quiet -dumpdir syscall_hook_fixed2.so- -dumpbase syscall_hook_fixed.c -dumpbase-ext .c -mtune=generic -march=x86-64 -fPIC -fasynchronous-unwind-tables -fstack-protector-strong -Wformat -Wformat-security -fstack-clash-protection -fcf-protection -o /tmp/ccN9KhwF.s
[PID:2025768] close: 关闭文件描述符=4, 结果=0
[PID:2025768] close: 关闭文件描述符=3, 结果=0
[PID:2025769] access: 检查文件 '/usr/lib/gcc/x86_64-linux-gnu/13/', 模式:[X_OK ], 结果=0 (成功)
[PID:2025769] open: 打开文件 'syscall_hook_fixed.c', 标志:[], 模式:00, 文件描述符=3
[PID:2025769] close: 关闭文件描述符=3, 结果=0
[PID:2025769] open: 打开文件 '/usr/lib/gcc/x86_64-linux-gnu/13/include/stdc-predef.h', 标志:[], 模式:00, 文件描述符=-1
[PID:2025769] open: 打开文件 '/usr/local/include/stdc-predef.h', 标志:[], 模式:00, 文件描述符=-1
[PID:2025769] open: 打开文件 '/usr/include/x86_64-linux-gnu/stdc-predef.h', 标志:[], 模式:00, 文件描述符=-1
[PID:2025769] open: 打开文件 '/usr/include/stdc-predef.h', 标志:[], 模式:00, 文件描述符=4
[PID:2025769] close: 关闭文件描述符=4, 结果=0
[PID:2025769] open: 打开文件 '/usr/lib/gcc/x86_64-linux-gnu/13/include/stdio.h', 标志:[], 模式:00, 文件描述符=-1
[PID:2025769] open: 打开文件 '/usr/local/include/stdio.h', 标志:[], 模式:00, 文件描述符=-1
[PID:2025769] open: 打开文件 '/usr/include/x86_64-linux-gnu/stdio.h', 标志:[], 模式:00, 文件描述符=-1
[PID:2025769] open: 打开文件 '/usr/include/stdio.h', 标志:[], 模式:00, 文件描述符=4
[PID:2025769] close: 关闭文件描述符=4, 结果=0
[PID:2025769] open: 打开文件 '/usr/lib/gcc/x86_64-linux-gnu/13/include/bits/libc-header-start.h', 标志:[], 模式:00, 文件描述符=-1
[PID:2025769] open: 打开文件 '/usr/local/include/bits/libc-header-start.h', 标志:[], 模式:00, 文件描述符=-1
[PID:2025769] open: 打开文件 '/usr/include/x86_64-linux-gnu/bits/libc-header-start.h', 标志:[], 模式:00, 文件描述符=4
[PID:2025769] close: 关闭文件描述符=4, 结果=0
[PID:2025769] open: 打开文件 '/usr/lib/gcc/x86_64-linux-gnu/13/include/features.h', 标志:[], 模式:00, 文件描述符=-1
[PID:2025769] open: 打开文件 '/usr/local/include/features.h', 标志:[], 模式:00, 文件描述符=-1
[PID:2025769] open: 打开文件 '/usr/include/x86_64-linux-gnu/features.h', 标志:[], 模式:00, 文件描述符=-1
[PID:2025769] open: 打开文件 '/usr/include/features.h', 标志:[], 模式:00, 文件描述符=4
[PID:2025769] close: 关闭文件描述符=4, 结果=0
[PID:2025769] open: 打开文件 '/usr/lib/gcc/x86_64-linux-gnu/13/include/features-time64.h', 标志:[], 模式:00, 文件描述符=-1
[PID:2025769] open: 打开文件 '/usr/local/include/features-time64.h', 标志:[], 模式:00, 文件描述符=-1
[PID:2025769] open: 打开文件 '/usr/include/x86_64-linux-gnu/features-time64.h', 标志:[], 模式:00, 文件描述符=-1
[PID:2025769] open: 打开文件 '/usr/include/features-time64.h', 标志:[], 模式:00, 文件描述符=4
[PID:2025769] close: 关闭文件描述符=4, 结果=0
[PID:2025769] open: 打开文件 '/usr/lib/gcc/x86_64-linux-gnu/13/include/bits/wordsize.h', 标志:[], 模式:00, 文件描述符=-1
[PID:2025769] open: 打开文件 '/usr/local/include/bits/wordsize.h', 标志:[], 模式:00, 文件描述符=-1
[PID:2025769] open: 打开文件 '/usr/include/x86_64-linux-gnu/bits/wordsize.h', 标志:[], 模式:00, 文件描述符=4
[PID:2025769] close: 关闭文件描述符=4, 结果=0
[PID:2025769] open: 打开文件 '/usr/lib/gcc/x86_64-linux-gnu/13/include/bits/timesize.h', 标志:[], 模式:00, 文件描述符=-1
[PID:2025769] open: 打开文件 '/usr/local/include/bits/timesize.h', 标志:[], 模式:00, 文件描述符=-1
[PID:2025769] open: 打开文件 '/usr/include/x86_64-linux-gnu/bits/timesize.h', 标志:[], 模式:00, 文件描述符=4
[PID:2025769] close: 关闭文件描述符=4, 结果=0
[PID:2025769] open: 打开文件 '/usr/include/x86_64-linux-gnu/bits/wordsize.h', 标志:[], 模式:00, 文件描述符=4
[PID:2025769] close: 关闭文件描述符=4, 结果=0
[PID:2025769] open: 打开文件 '/usr/lib/gcc/x86_64-linux-gnu/13/include/sys/cdefs.h', 标志:[], 模式:00, 文件描述符=-1
[PID:2025769] open: 打开文件 '/usr/local/include/sys/cdefs.h', 标志:[], 模式:00, 文件描述符=-1
[PID:2025769] open: 打开文件 '/usr/include/x86_64-linux-gnu/sys/cdefs.h', 标志:[], 模式:00, 文件描述符=4
[PID:2025769] close: 关闭文件描述符=4, 结果=0
[PID:2025769] open: 打开文件 '/usr/include/x86_64-linux-gnu/bits/wordsize.h', 标志:[], 模式:00, 文件描述符=4
[PID:2025769] close: 关闭文件描述符=4, 结果=0
[PID:2025769] open: 打开文件 '/usr/lib/gcc/x86_64-linux-gnu/13/include/bits/long-double.h', 标志:[], 模式:00, 文件描述符=-1
[PID:2025769] open: 打开文件 '/usr/local/include/bits/long-double.h', 标志:[], 模式:00, 文件描述符=-1
[PID:2025769] open: 打开文件 '/usr/include/x86_64-linux-gnu/bits/long-double.h', 标志:[], 模式:00, 文件描述符=4
[PID:2025769] close: 关闭文件描述符=4, 结果=0
[PID:2025769] open: 打开文件 '/usr/lib/gcc/x86_64-linux-gnu/13/include/gnu/stubs.h', 标志:[], 模式:00, 文件描述符=-1
[PID:2025769] open: 打开文件 '/usr/local/include/gnu/stubs.h', 标志:[], 模式:00, 文件描述符=-1
[PID:2025769] open: 打开文件 '/usr/include/x86_64-linux-gnu/gnu/stubs.h', 标志:[], 模式:00, 文件描述符=4
[PID:2025769] close: 关闭文件描述符=4, 结果=0
[PID:2025769] open: 打开文件 '/usr/lib/gcc/x86_64-linux-gnu/13/include/gnu/stubs-64.h', 标志:[], 模式:00, 文件描述符=-1
[PID:2025769] open: 打开文件 '/usr/local/include/gnu/stubs-64.h', 标志:[], 模式:00, 文件描述符=-1
[PID:2025769] open: 打开文件 '/usr/include/x86_64-linux-gnu/gnu/stubs-64.h', 标志:[], 模式:00, 文件描述符=4
[PID:2025769] close: 关闭文件描述符=4, 结果=0
[PID:2025769] open: 打开文件 '/usr/lib/gcc/x86_64-linux-gnu/13/include/stddef.h', 标志:[], 模式:00, 文件描述符=4
[PID:2025769] close: 关闭文件描述符=4, 结果=0
[PID:2025769] open: 打开文件 '/usr/lib/gcc/x86_64-linux-gnu/13/include/stdarg.h', 标志:[], 模式:00, 文件描述符=4
[PID:2025769] close: 关闭文件描述符=4, 结果=0
[PID:2025769] open: 打开文件 '/usr/lib/gcc/x86_64-linux-gnu/13/include/bits/types.h', 标志:[], 模式:00, 文件描述符=-1
[PID:2025769] open: 打开文件 '/usr/local/include/bits/types.h', 标志:[], 模式:00, 文件描述符=-1
[PID:2025769] open: 打开文件 '/usr/include/x86_64-linux-gnu/bits/types.h', 标志:[], 模式:00, 文件描述符=4
[PID:2025769] close: 关闭文件描述符=4, 结果=0
[PID:2025769] open: 打开文件 '/usr/include/x86_64-linux-gnu/bits/wordsize.h', 标志:[], 模式:00, 文件描述符=4
[PID:2025769] close: 关闭文件描述符=4, 结果=0
[PID:2025769] open: 打开文件 '/usr/include/x86_64-linux-gnu/bits/timesize.h', 标志:[], 模式:00, 文件描述符=4
[PID:2025769] close: 关闭文件描述符=4, 结果=0
[PID:2025769] open: 打开文件 '/usr/include/x86_64-linux-gnu/bits/wordsize.h', 标志:[], 模式:00, 文件描述符=4
[PID:2025769] close: 关闭文件描述符=4, 结果=0
[PID:2025769] open: 打开文件 '/usr/lib/gcc/x86_64-linux-gnu/13/include/bits/typesizes.h', 标志:[], 模式:00, 文件描述符=-1
[PID:2025769] open: 打开文件 '/usr/local/include/bits/typesizes.h', 标志:[], 模式:00, 文件描述符=-1
[PID:2025769] open: 打开文件 '/usr/include/x86_64-linux-gnu/bits/typesizes.h', 标志:[], 模式:00, 文件描述符=4
[PID:2025769] close: 关闭文件描述符=4, 结果=0
[PID:2025769] open: 打开文件 '/usr/lib/gcc/x86_64-linux-gnu/13/include/bits/time64.h', 标志:[], 模式:00, 文件描述符=-1
[PID:2025769] open: 打开文件 '/usr/local/include/bits/time64.h', 标志:[], 模式:00, 文件描述符=-1
[PID:2025769] open: 打开文件 '/usr/include/x86_64-linux-gnu/bits/time64.h', 标志:[], 模式:00, 文件描述符=4
[PID:2025769] close: 关闭文件描述符=4, 结果=0
[PID:2025769] open: 打开文件 '/usr/lib/gcc/x86_64-linux-gnu/13/include/bits/types/__fpos_t.h', 标志:[], 模式:00, 文件描述符=-1
[PID:2025769] open: 打开文件 '/usr/local/include/bits/types/__fpos_t.h', 标志:[], 模式:00, 文件描述符=-1
[PID:2025769] open: 打开文件 '/usr/include/x86_64-linux-gnu/bits/types/__fpos_t.h', 标志:[], 模式:00, 文件描述符=4
[PID:2025769] close: 关闭文件描述符=4, 结果=0
[PID:2025769] open: 打开文件 '/usr/lib/gcc/x86_64-linux-gnu/13/include/bits/types/__mbstate_t.h', 标志:[], 模式:00, 文件描述符=-1
[PID:2025769] open: 打开文件 '/usr/local/include/bits/types/__mbstate_t.h', 标志:[], 模式:00, 文件描述符=-1
[PID:2025769] open: 打开文件 '/usr/include/x86_64-linux-gnu/bits/types/__mbstate_t.h', 标志:[], 模式:00, 文件描述符=4
[PID:2025769] close: 关闭文件描述符=4, 结果=0
[PID:2025769] open: 打开文件 '/usr/lib/gcc/x86_64-linux-gnu/13/include/bits/types/__fpos64_t.h', 标志:[], 模式:00, 文件描述符=-1
[PID:2025769] open: 打开文件 '/usr/local/include/bits/types/__fpos64_t.h', 标志:[], 模式:00, 文件描述符=-1
[PID:2025769] open: 打开文件 '/usr/include/x86_64-linux-gnu/bits/types/__fpos64_t.h', 标志:[], 模式:00, 文件描述符=4
[PID:2025769] close: 关闭文件描述符=4, 结果=0
[PID:2025769] open: 打开文件 '/usr/lib/gcc/x86_64-linux-gnu/13/include/bits/types/__FILE.h', 标志:[], 模式:00, 文件描述符=-1
[PID:2025769] open: 打开文件 '/usr/local/include/bits/types/__FILE.h', 标志:[], 模式:00, 文件描述符=-1
[PID:2025769] open: 打开文件 '/usr/include/x86_64-linux-gnu/bits/types/__FILE.h', 标志:[], 模式:00, 文件描述符=4
[PID:2025769] close: 关闭文件描述符=4, 结果=0
[PID:2025769] open: 打开文件 '/usr/lib/gcc/x86_64-linux-gnu/13/include/bits/types/FILE.h', 标志:[], 模式:00, 文件描述符=-1
[PID:2025769] open: 打开文件 '/usr/local/include/bits/types/FILE.h', 标志:[], 模式:00, 文件描述符=-1
[PID:2025769] open: 打开文件 '/usr/include/x86_64-linux-gnu/bits/types/FILE.h', 标志:[], 模式:00, 文件描述符=4
[PID:2025769] close: 关闭文件描述符=4, 结果=0
[PID:2025769] open: 打开文件 '/usr/lib/gcc/x86_64-linux-gnu/13/include/bits/types/struct_FILE.h', 标志:[], 模式:00, 文件描述符=-1
[PID:2025769] open: 打开文件 '/usr/local/include/bits/types/struct_FILE.h', 标志:[], 模式:00, 文件描述符=-1
[PID:2025769] open: 打开文件 '/usr/include/x86_64-linux-gnu/bits/types/struct_FILE.h', 标志:[], 模式:00, 文件描述符=4
[PID:2025769] close: 关闭文件描述符=4, 结果=0
[PID:2025769] open: 打开文件 '/usr/lib/gcc/x86_64-linux-gnu/13/include/bits/types/cookie_io_functions_t.h', 标志:[], 模式:00, 文件描述符=-1
[PID:2025769] open: 打开文件 '/usr/local/include/bits/types/cookie_io_functions_t.h', 标志:[], 模式:00, 文件描述符=-1
[PID:2025769] open: 打开文件 '/usr/include/x86_64-linux-gnu/bits/types/cookie_io_functions_t.h', 标志:[], 模式:00, 文件描述符=4
[PID:2025769] close: 关闭文件描述符=4, 结果=0
[PID:2025769] open: 打开文件 '/usr/lib/gcc/x86_64-linux-gnu/13/include/bits/stdio_lim.h', 标志:[], 模式:00, 文件描述符=-1
[PID:2025769] open: 打开文件 '/usr/local/include/bits/stdio_lim.h', 标志:[], 模式:00, 文件描述符=-1
[PID:2025769] open: 打开文件 '/usr/include/x86_64-linux-gnu/bits/stdio_lim.h', 标志:[], 模式:00, 文件描述符=4
[PID:2025769] close: 关闭文件描述符=4, 结果=0
[PID:2025769] open: 打开文件 '/usr/lib/gcc/x86_64-linux-gnu/13/include/bits/floatn.h', 标志:[], 模式:00, 文件描述符=-1
[PID:2025769] open: 打开文件 '/usr/local/include/bits/floatn.h', 标志:[], 模式:00, 文件描述符=-1
[PID:2025769] open: 打开文件 '/usr/include/x86_64-linux-gnu/bits/floatn.h', 标志:[], 模式:00, 文件描述符=4
[PID:2025769] close: 关闭文件描述符=4, 结果=0
[PID:2025769] open: 打开文件 '/usr/lib/gcc/x86_64-linux-gnu/13/include/bits/floatn-common.h', 标志:[], 模式:00, 文件描述符=-1
[PID:2025769] open: 打开文件 '/usr/local/include/bits/floatn-common.h', 标志:[], 模式:00, 文件描述符=-1
[PID:2025769] open: 打开文件 '/usr/include/x86_64-linux-gnu/bits/floatn-common.h', 标志:[], 模式:00, 文件描述符=4
[PID:2025769] close: 关闭文件描述符=4, 结果=0
[PID:2025769] open: 打开文件 '/usr/include/x86_64-linux-gnu/bits/long-double.h', 标志:[], 模式:00, 文件描述符=4
[PID:2025769] close: 关闭文件描述符=4, 结果=0
[PID:2025769] open: 打开文件 '/usr/lib/gcc/x86_64-linux-gnu/13/include/stdlib.h', 标志:[], 模式:00, 文件描述符=-1
[PID:2025769] open: 打开文件 '/usr/local/include/stdlib.h', 标志:[], 模式:00, 文件描述符=-1
[PID:2025769] open: 打开文件 '/usr/include/x86_64-linux-gnu/stdlib.h', 标志:[], 模式:00, 文件描述符=-1
[PID:2025769] open: 打开文件 '/usr/include/stdlib.h', 标志:[], 模式:00, 文件描述符=4
[PID:2025769] close: 关闭文件描述符=4, 结果=0
[PID:2025769] open: 打开文件 '/usr/include/x86_64-linux-gnu/bits/libc-header-start.h', 标志:[], 模式:00, 文件描述符=4
[PID:2025769] close: 关闭文件描述符=4, 结果=0
[PID:2025769] open: 打开文件 '/usr/lib/gcc/x86_64-linux-gnu/13/include/stddef.h', 标志:[], 模式:00, 文件描述符=4
[PID:2025769] close: 关闭文件描述符=4, 结果=0
[PID:2025769] open: 打开文件 '/usr/lib/gcc/x86_64-linux-gnu/13/include/bits/waitflags.h', 标志:[], 模式:00, 文件描述符=-1
[PID:2025769] open: 打开文件 '/usr/local/include/bits/waitflags.h', 标志:[], 模式:00, 文件描述符=-1
[PID:2025769] open: 打开文件 '/usr/include/x86_64-linux-gnu/bits/waitflags.h', 标志:[], 模式:00, 文件描述符=4
[PID:2025769] close: 关闭文件描述符=4, 结果=0
[PID:2025769] open: 打开文件 '/usr/lib/gcc/x86_64-linux-gnu/13/include/bits/waitstatus.h', 标志:[], 模式:00, 文件描述符=-1
[PID:2025769] open: 打开文件 '/usr/local/include/bits/waitstatus.h', 标志:[], 模式:00, 文件描述符=-1
[PID:2025769] open: 打开文件 '/usr/include/x86_64-linux-gnu/bits/waitstatus.h', 标志:[], 模式:00, 文件描述符=4
[PID:2025769] close: 关闭文件描述符=4, 结果=0
[PID:2025769] open: 打开文件 '/usr/lib/gcc/x86_64-linux-gnu/13/include/bits/types/locale_t.h', 标志:[], 模式:00, 文件描述符=-1
[PID:2025769] open: 打开文件 '/usr/local/include/bits/types/locale_t.h', 标志:[], 模式:00, 文件描述符=-1
[PID:2025769] open: 打开文件 '/usr/include/x86_64-linux-gnu/bits/types/locale_t.h', 标志:[], 模式:00, 文件描述符=4
[PID:2025769] close: 关闭文件描述符=4, 结果=0
[PID:2025769] open: 打开文件 '/usr/lib/gcc/x86_64-linux-gnu/13/include/bits/types/__locale_t.h', 标志:[], 模式:00, 文件描述符=-1
[PID:2025769] open: 打开文件 '/usr/local/include/bits/types/__locale_t.h', 标志:[], 模式:00, 文件描述符=-1
[PID:2025769] open: 打开文件 '/usr/include/x86_64-linux-gnu/bits/types/__locale_t.h', 标志:[], 模式:00, 文件描述符=4
[PID:2025769] close: 关闭文件描述符=4, 结果=0
[PID:2025769] open: 打开文件 '/usr/lib/gcc/x86_64-linux-gnu/13/include/sys/types.h', 标志:[], 模式:00, 文件描述符=-1
[PID:2025769] open: 打开文件 '/usr/local/include/sys/types.h', 标志:[], 模式:00, 文件描述符=-1
[PID:2025769] open: 打开文件 '/usr/include/x86_64-linux-gnu/sys/types.h', 标志:[], 模式:00, 文件描述符=4
[PID:2025769] close: 关闭文件描述符=4, 结果=0
[PID:2025769] open: 打开文件 '/usr/lib/gcc/x86_64-linux-gnu/13/include/bits/types/clock_t.h', 标志:[], 模式:00, 文件描述符=-1
[PID:2025769] open: 打开文件 '/usr/local/include/bits/types/clock_t.h', 标志:[], 模式:00, 文件描述符=-1
[PID:2025769] open: 打开文件 '/usr/include/x86_64-linux-gnu/bits/types/clock_t.h', 标志:[], 模式:00, 文件描述符=4
[PID:2025769] close: 关闭文件描述符=4, 结果=0
[PID:2025769] open: 打开文件 '/usr/lib/gcc/x86_64-linux-gnu/13/include/bits/types/clockid_t.h', 标志:[], 模式:00, 文件描述符=-1
[PID:2025769] open: 打开文件 '/usr/local/include/bits/types/clockid_t.h', 标志:[], 模式:00, 文件描述符=-1
[PID:2025769] open: 打开文件 '/usr/include/x86_64-linux-gnu/bits/types/clockid_t.h', 标志:[], 模式:00, 文件描述符=4
[PID:2025769] close: 关闭文件描述符=4, 结果=0
[PID:2025769] open: 打开文件 '/usr/lib/gcc/x86_64-linux-gnu/13/include/bits/types/time_t.h', 标志:[], 模式:00, 文件描述符=-1
[PID:2025769] open: 打开文件 '/usr/local/include/bits/types/time_t.h', 标志:[], 模式:00, 文件描述符=-1
[PID:2025769] open: 打开文件 '/usr/include/x86_64-linux-gnu/bits/types/time_t.h', 标志:[], 模式:00, 文件描述符=4
[PID:2025769] close: 关闭文件描述符=4, 结果=0
[PID:2025769] open: 打开文件 '/usr/lib/gcc/x86_64-linux-gnu/13/include/bits/types/timer_t.h', 标志:[], 模式:00, 文件描述符=-1
[PID:2025769] open: 打开文件 '/usr/local/include/bits/types/timer_t.h', 标志:[], 模式:00, 文件描述符=-1
[PID:2025769] open: 打开文件 '/usr/include/x86_64-linux-gnu/bits/types/timer_t.h', 标志:[], 模式:00, 文件描述符=4
[PID:2025769] close: 关闭文件描述符=4, 结果=0
[PID:2025769] open: 打开文件 '/usr/lib/gcc/x86_64-linux-gnu/13/include/stddef.h', 标志:[], 模式:00, 文件描述符=4
[PID:2025769] close: 关闭文件描述符=4, 结果=0
[PID:2025769] open: 打开文件 '/usr/lib/gcc/x86_64-linux-gnu/13/include/bits/stdint-intn.h', 标志:[], 模式:00, 文件描述符=-1
[PID:2025769] open: 打开文件 '/usr/local/include/bits/stdint-intn.h', 标志:[], 模式:00, 文件描述符=-1
[PID:2025769] open: 打开文件 '/usr/include/x86_64-linux-gnu/bits/stdint-intn.h', 标志:[], 模式:00, 文件描述符=4
[PID:2025769] close: 关闭文件描述符=4, 结果=0
[PID:2025769] open: 打开文件 '/usr/lib/gcc/x86_64-linux-gnu/13/include/endian.h', 标志:[], 模式:00, 文件描述符=-1
[PID:2025769] open: 打开文件 '/usr/local/include/endian.h', 标志:[], 模式:00, 文件描述符=-1
[PID:2025769] open: 打开文件 '/usr/include/x86_64-linux-gnu/endian.h', 标志:[], 模式:00, 文件描述符=-1
[PID:2025769] open: 打开文件 '/usr/include/endian.h', 标志:[], 模式:00, 文件描述符=4
[PID:2025769] close: 关闭文件描述符=4, 结果=0
[PID:2025769] open: 打开文件 '/usr/lib/gcc/x86_64-linux-gnu/13/include/bits/endian.h', 标志:[], 模式:00, 文件描述符=-1
[PID:2025769] open: 打开文件 '/usr/local/include/bits/endian.h', 标志:[], 模式:00, 文件描述符=-1
[PID:2025769] open: 打开文件 '/usr/include/x86_64-linux-gnu/bits/endian.h', 标志:[], 模式:00, 文件描述符=4
[PID:2025769] close: 关闭文件描述符=4, 结果=0
[PID:2025769] open: 打开文件 '/usr/lib/gcc/x86_64-linux-gnu/13/include/bits/endianness.h', 标志:[], 模式:00, 文件描述符=-1
[PID:2025769] open: 打开文件 '/usr/local/include/bits/endianness.h', 标志:[], 模式:00, 文件描述符=-1
[PID:2025769] open: 打开文件 '/usr/include/x86_64-linux-gnu/bits/endianness.h', 标志:[], 模式:00, 文件描述符=4
[PID:2025769] close: 关闭文件描述符=4, 结果=0
[PID:2025769] open: 打开文件 '/usr/lib/gcc/x86_64-linux-gnu/13/include/bits/byteswap.h', 标志:[], 模式:00, 文件描述符=-1
[PID:2025769] open: 打开文件 '/usr/local/include/bits/byteswap.h', 标志:[], 模式:00, 文件描述符=-1
[PID:2025769] open: 打开文件 '/usr/include/x86_64-linux-gnu/bits/byteswap.h', 标志:[], 模式:00, 文件描述符=4
[PID:2025769] close: 关闭文件描述符=4, 结果=0
[PID:2025769] open: 打开文件 '/usr/lib/gcc/x86_64-linux-gnu/13/include/bits/uintn-identity.h', 标志:[], 模式:00, 文件描述符=-1
[PID:2025769] open: 打开文件 '/usr/local/include/bits/uintn-identity.h', 标志:[], 模式:00, 文件描述符=-1
[PID:2025769] open: 打开文件 '/usr/include/x86_64-linux-gnu/bits/uintn-identity.h', 标志:[], 模式:00, 文件描述符=4
[PID:2025769] close: 关闭文件描述符=4, 结果=0
[PID:2025769] open: 打开文件 '/usr/lib/gcc/x86_64-linux-gnu/13/include/sys/select.h', 标志:[], 模式:00, 文件描述符=-1
[PID:2025769] open: 打开文件 '/usr/local/include/sys/select.h', 标志:[], 模式:00, 文件描述符=-1
[PID:2025769] open: 打开文件 '/usr/include/x86_64-linux-gnu/sys/select.h', 标志:[], 模式:00, 文件描述符=4
[PID:2025769] close: 关闭文件描述符=4, 结果=0
[PID:2025769] open: 打开文件 '/usr/lib/gcc/x86_64-linux-gnu/13/include/bits/select.h', 标志:[], 模式:00, 文件描述符=-1
[PID:2025769] open: 打开文件 '/usr/local/include/bits/select.h', 标志:[], 模式:00, 文件描述符=-1
[PID:2025769] open: 打开文件 '/usr/include/x86_64-linux-gnu/bits/select.h', 标志:[], 模式:00, 文件描述符=4
[PID:2025769] close: 关闭文件描述符=4, 结果=0
[PID:2025769] open: 打开文件 '/usr/lib/gcc/x86_64-linux-gnu/13/include/bits/types/sigset_t.h', 标志:[], 模式:00, 文件描述符=-1
[PID:2025769] open: 打开文件 '/usr/local/include/bits/types/sigset_t.h', 标志:[], 模式:00, 文件描述符=-1
[PID:2025769] open: 打开文件 '/usr/include/x86_64-linux-gnu/bits/types/sigset_t.h', 标志:[], 模式:00, 文件描述符=4
[PID:2025769] close: 关闭文件描述符=4, 结果=0
[PID:2025769] open: 打开文件 '/usr/lib/gcc/x86_64-linux-gnu/13/include/bits/types/__sigset_t.h', 标志:[], 模式:00, 文件描述符=-1
[PID:2025769] open: 打开文件 '/usr/local/include/bits/types/__sigset_t.h', 标志:[], 模式:00, 文件描述符=-1
[PID:2025769] open: 打开文件 '/usr/include/x86_64-linux-gnu/bits/types/__sigset_t.h', 标志:[], 模式:00, 文件描述符=4
[PID:2025769] close: 关闭文件描述符=4, 结果=0
[PID:2025769] open: 打开文件 '/usr/lib/gcc/x86_64-linux-gnu/13/include/bits/types/struct_timeval.h', 标志:[], 模式:00, 文件描述符=-1
[PID:2025769] open: 打开文件 '/usr/local/include/bits/types/struct_timeval.h', 标志:[], 模式:00, 文件描述符=-1
[PID:2025769] open: 打开文件 '/usr/include/x86_64-linux-gnu/bits/types/struct_timeval.h', 标志:[], 模式:00, 文件描述符=4
[PID:2025769] close: 关闭文件描述符=4, 结果=0
[PID:2025769] open: 打开文件 '/usr/lib/gcc/x86_64-linux-gnu/13/include/bits/types/struct_timespec.h', 标志:[], 模式:00, 文件描述符=-1
[PID:2025769] open: 打开文件 '/usr/local/include/bits/types/struct_timespec.h', 标志:[], 模式:00, 文件描述符=-1
[PID:2025769] open: 打开文件 '/usr/include/x86_64-linux-gnu/bits/types/struct_timespec.h', 标志:[], 模式:00, 文件描述符=4
[PID:2025769] close: 关闭文件描述符=4, 结果=0
[PID:2025769] open: 打开文件 '/usr/lib/gcc/x86_64-linux-gnu/13/include/bits/pthreadtypes.h', 标志:[], 模式:00, 文件描述符=-1
[PID:2025769] open: 打开文件 '/usr/local/include/bits/pthreadtypes.h', 标志:[], 模式:00, 文件描述符=-1
[PID:2025769] open: 打开文件 '/usr/include/x86_64-linux-gnu/bits/pthreadtypes.h', 标志:[], 模式:00, 文件描述符=4
[PID:2025769] close: 关闭文件描述符=4, 结果=0
[PID:2025769] open: 打开文件 '/usr/lib/gcc/x86_64-linux-gnu/13/include/bits/thread-shared-types.h', 标志:[], 模式:00, 文件描述符=-1
[PID:2025769] open: 打开文件 '/usr/local/include/bits/thread-shared-types.h', 标志:[], 模式:00, 文件描述符=-1
[PID:2025769] open: 打开文件 '/usr/include/x86_64-linux-gnu/bits/thread-shared-types.h', 标志:[], 模式:00, 文件描述符=4
[PID:2025769] close: 关闭文件描述符=4, 结果=0
[PID:2025769] open: 打开文件 '/usr/lib/gcc/x86_64-linux-gnu/13/include/bits/pthreadtypes-arch.h', 标志:[], 模式:00, 文件描述符=-1
[PID:2025769] open: 打开文件 '/usr/local/include/bits/pthreadtypes-arch.h', 标志:[], 模式:00, 文件描述符=-1
[PID:2025769] open: 打开文件 '/usr/include/x86_64-linux-gnu/bits/pthreadtypes-arch.h', 标志:[], 模式:00, 文件描述符=4
[PID:2025769] close: 关闭文件描述符=4, 结果=0
[PID:2025769] open: 打开文件 '/usr/include/x86_64-linux-gnu/bits/wordsize.h', 标志:[], 模式:00, 文件描述符=4
[PID:2025769] close: 关闭文件描述符=4, 结果=0
[PID:2025769] open: 打开文件 '/usr/lib/gcc/x86_64-linux-gnu/13/include/bits/atomic_wide_counter.h', 标志:[], 模式:00, 文件描述符=-1
[PID:2025769] open: 打开文件 '/usr/local/include/bits/atomic_wide_counter.h', 标志:[], 模式:00, 文件描述符=-1
[PID:2025769] open: 打开文件 '/usr/include/x86_64-linux-gnu/bits/atomic_wide_counter.h', 标志:[], 模式:00, 文件描述符=4
[PID:2025769] close: 关闭文件描述符=4, 结果=0
[PID:2025769] open: 打开文件 '/usr/lib/gcc/x86_64-linux-gnu/13/include/bits/struct_mutex.h', 标志:[], 模式:00, 文件描述符=-1
[PID:2025769] open: 打开文件 '/usr/local/include/bits/struct_mutex.h', 标志:[], 模式:00, 文件描述符=-1
[PID:2025769] open: 打开文件 '/usr/include/x86_64-linux-gnu/bits/struct_mutex.h', 标志:[], 模式:00, 文件描述符=4
[PID:2025769] close: 关闭文件描述符=4, 结果=0
[PID:2025769] open: 打开文件 '/usr/lib/gcc/x86_64-linux-gnu/13/include/bits/struct_rwlock.h', 标志:[], 模式:00, 文件描述符=-1
[PID:2025769] open: 打开文件 '/usr/local/include/bits/struct_rwlock.h', 标志:[], 模式:00, 文件描述符=-1
[PID:2025769] open: 打开文件 '/usr/include/x86_64-linux-gnu/bits/struct_rwlock.h', 标志:[], 模式:00, 文件描述符=4
[PID:2025769] close: 关闭文件描述符=4, 结果=0
[PID:2025769] open: 打开文件 '/usr/lib/gcc/x86_64-linux-gnu/13/include/alloca.h', 标志:[], 模式:00, 文件描述符=-1
[PID:2025769] open: 打开文件 '/usr/local/include/alloca.h', 标志:[], 模式:00, 文件描述符=-1
[PID:2025769] open: 打开文件 '/usr/include/x86_64-linux-gnu/alloca.h', 标志:[], 模式:00, 文件描述符=-1
[PID:2025769] open: 打开文件 '/usr/include/alloca.h', 标志:[], 模式:00, 文件描述符=4
[PID:2025769] close: 关闭文件描述符=4, 结果=0
[PID:2025769] open: 打开文件 '/usr/lib/gcc/x86_64-linux-gnu/13/include/stddef.h', 标志:[], 模式:00, 文件描述符=4
[PID:2025769] close: 关闭文件描述符=4, 结果=0
[PID:2025769] open: 打开文件 '/usr/lib/gcc/x86_64-linux-gnu/13/include/bits/stdlib-float.h', 标志:[], 模式:00, 文件描述符=-1
[PID:2025769] open: 打开文件 '/usr/local/include/bits/stdlib-float.h', 标志:[], 模式:00, 文件描述符=-1
[PID:2025769] open: 打开文件 '/usr/include/x86_64-linux-gnu/bits/stdlib-float.h', 标志:[], 模式:00, 文件描述符=4
[PID:2025769] close: 关闭文件描述符=4, 结果=0
[PID:2025769] open: 打开文件 '/usr/lib/gcc/x86_64-linux-gnu/13/include/dlfcn.h', 标志:[], 模式:00, 文件描述符=-1
[PID:2025769] open: 打开文件 '/usr/local/include/dlfcn.h', 标志:[], 模式:00, 文件描述符=-1
[PID:2025769] open: 打开文件 '/usr/include/x86_64-linux-gnu/dlfcn.h', 标志:[], 模式:00, 文件描述符=-1
[PID:2025769] open: 打开文件 '/usr/include/dlfcn.h', 标志:[], 模式:00, 文件描述符=4
[PID:2025769] close: 关闭文件描述符=4, 结果=0
[PID:2025769] open: 打开文件 '/usr/lib/gcc/x86_64-linux-gnu/13/include/stddef.h', 标志:[], 模式:00, 文件描述符=4
[PID:2025769] close: 关闭文件描述符=4, 结果=0
[PID:2025769] open: 打开文件 '/usr/lib/gcc/x86_64-linux-gnu/13/include/bits/dlfcn.h', 标志:[], 模式:00, 文件描述符=-1
[PID:2025769] open: 打开文件 '/usr/local/include/bits/dlfcn.h', 标志:[], 模式:00, 文件描述符=-1
[PID:2025769] open: 打开文件 '/usr/include/x86_64-linux-gnu/bits/dlfcn.h', 标志:[], 模式:00, 文件描述符=4
[PID:2025769] close: 关闭文件描述符=4, 结果=0
[PID:2025769] open: 打开文件 '/usr/lib/gcc/x86_64-linux-gnu/13/include/bits/dl_find_object.h', 标志:[], 模式:00, 文件描述符=-1
[PID:2025769] open: 打开文件 '/usr/local/include/bits/dl_find_object.h', 标志:[], 模式:00, 文件描述符=-1
[PID:2025769] open: 打开文件 '/usr/include/x86_64-linux-gnu/bits/dl_find_object.h', 标志:[], 模式:00, 文件描述符=4
[PID:2025769] close: 关闭文件描述符=4, 结果=0
[PID:2025769] open: 打开文件 '/usr/lib/gcc/x86_64-linux-gnu/13/include/string.h', 标志:[], 模式:00, 文件描述符=-1
[PID:2025769] open: 打开文件 '/usr/local/include/string.h', 标志:[], 模式:00, 文件描述符=-1
[PID:2025769] open: 打开文件 '/usr/include/x86_64-linux-gnu/string.h', 标志:[], 模式:00, 文件描述符=-1
[PID:2025769] open: 打开文件 '/usr/include/string.h', 标志:[], 模式:00, 文件描述符=4
[PID:2025769] close: 关闭文件描述符=4, 结果=0
[PID:2025769] open: 打开文件 '/usr/include/x86_64-linux-gnu/bits/libc-header-start.h', 标志:[], 模式:00, 文件描述符=4
[PID:2025769] close: 关闭文件描述符=4, 结果=0
[PID:2025769] open: 打开文件 '/usr/lib/gcc/x86_64-linux-gnu/13/include/stddef.h', 标志:[], 模式:00, 文件描述符=4
[PID:2025769] close: 关闭文件描述符=4, 结果=0
[PID:2025769] open: 打开文件 '/usr/lib/gcc/x86_64-linux-gnu/13/include/strings.h', 标志:[], 模式:00, 文件描述符=-1
[PID:2025769] open: 打开文件 '/usr/local/include/strings.h', 标志:[], 模式:00, 文件描述符=-1
[PID:2025769] open: 打开文件 '/usr/include/x86_64-linux-gnu/strings.h', 标志:[], 模式:00, 文件描述符=-1
[PID:2025769] open: 打开文件 '/usr/include/strings.h', 标志:[], 模式:00, 文件描述符=4
[PID:2025769] close: 关闭文件描述符=4, 结果=0
[PID:2025769] open: 打开文件 '/usr/lib/gcc/x86_64-linux-gnu/13/include/stddef.h', 标志:[], 模式:00, 文件描述符=4
[PID:2025769] close: 关闭文件描述符=4, 结果=0
[PID:2025769] open: 打开文件 '/usr/lib/gcc/x86_64-linux-gnu/13/include/unistd.h', 标志:[], 模式:00, 文件描述符=-1
[PID:2025769] open: 打开文件 '/usr/local/include/unistd.h', 标志:[], 模式:00, 文件描述符=-1
[PID:2025769] open: 打开文件 '/usr/include/x86_64-linux-gnu/unistd.h', 标志:[], 模式:00, 文件描述符=-1
[PID:2025769] open: 打开文件 '/usr/include/unistd.h', 标志:[], 模式:00, 文件描述符=4
[PID:2025769] close: 关闭文件描述符=4, 结果=0
[PID:2025769] open: 打开文件 '/usr/lib/gcc/x86_64-linux-gnu/13/include/bits/posix_opt.h', 标志:[], 模式:00, 文件描述符=-1
[PID:2025769] open: 打开文件 '/usr/local/include/bits/posix_opt.h', 标志:[], 模式:00, 文件描述符=-1
[PID:2025769] open: 打开文件 '/usr/include/x86_64-linux-gnu/bits/posix_opt.h', 标志:[], 模式:00, 文件描述符=4
[PID:2025769] close: 关闭文件描述符=4, 结果=0
[PID:2025769] open: 打开文件 '/usr/lib/gcc/x86_64-linux-gnu/13/include/bits/environments.h', 标志:[], 模式:00, 文件描述符=-1
[PID:2025769] open: 打开文件 '/usr/local/include/bits/environments.h', 标志:[], 模式:00, 文件描述符=-1
[PID:2025769] open: 打开文件 '/usr/include/x86_64-linux-gnu/bits/environments.h', 标志:[], 模式:00, 文件描述符=4
[PID:2025769] close: 关闭文件描述符=4, 结果=0
[PID:2025769] open: 打开文件 '/usr/include/x86_64-linux-gnu/bits/wordsize.h', 标志:[], 模式:00, 文件描述符=4
[PID:2025769] close: 关闭文件描述符=4, 结果=0
[PID:2025769] open: 打开文件 '/usr/lib/gcc/x86_64-linux-gnu/13/include/stddef.h', 标志:[], 模式:00, 文件描述符=4
[PID:2025769] close: 关闭文件描述符=4, 结果=0
[PID:2025769] open: 打开文件 '/usr/lib/gcc/x86_64-linux-gnu/13/include/bits/confname.h', 标志:[], 模式:00, 文件描述符=-1
[PID:2025769] open: 打开文件 '/usr/local/include/bits/confname.h', 标志:[], 模式:00, 文件描述符=-1
[PID:2025769] open: 打开文件 '/usr/include/x86_64-linux-gnu/bits/confname.h', 标志:[], 模式:00, 文件描述符=4
[PID:2025769] close: 关闭文件描述符=4, 结果=0
[PID:2025769] open: 打开文件 '/usr/lib/gcc/x86_64-linux-gnu/13/include/bits/getopt_posix.h', 标志:[], 模式:00, 文件描述符=-1
[PID:2025769] open: 打开文件 '/usr/local/include/bits/getopt_posix.h', 标志:[], 模式:00, 文件描述符=-1
[PID:2025769] open: 打开文件 '/usr/include/x86_64-linux-gnu/bits/getopt_posix.h', 标志:[], 模式:00, 文件描述符=4
[PID:2025769] close: 关闭文件描述符=4, 结果=0
[PID:2025769] open: 打开文件 '/usr/lib/gcc/x86_64-linux-gnu/13/include/bits/getopt_core.h', 标志:[], 模式:00, 文件描述符=-1
[PID:2025769] open: 打开文件 '/usr/local/include/bits/getopt_core.h', 标志:[], 模式:00, 文件描述符=-1
[PID:2025769] open: 打开文件 '/usr/include/x86_64-linux-gnu/bits/getopt_core.h', 标志:[], 模式:00, 文件描述符=4
[PID:2025769] close: 关闭文件描述符=4, 结果=0
[PID:2025769] open: 打开文件 '/usr/lib/gcc/x86_64-linux-gnu/13/include/bits/unistd_ext.h', 标志:[], 模式:00, 文件描述符=-1
[PID:2025769] open: 打开文件 '/usr/local/include/bits/unistd_ext.h', 标志:[], 模式:00, 文件描述符=-1
[PID:2025769] open: 打开文件 '/usr/include/x86_64-linux-gnu/bits/unistd_ext.h', 标志:[], 模式:00, 文件描述符=4
[PID:2025769] close: 关闭文件描述符=4, 结果=0
[PID:2025769] open: 打开文件 '/usr/include/x86_64-linux-gnu/bits/linux/close_range.h', 标志:[], 模式:00, 文件描述符=-1
[PID:2025769] open: 打开文件 '/usr/lib/gcc/x86_64-linux-gnu/13/include/linux/close_range.h', 标志:[], 模式:00, 文件描述符=-1
[PID:2025769] open: 打开文件 '/usr/local/include/linux/close_range.h', 标志:[], 模式:00, 文件描述符=-1
[PID:2025769] open: 打开文件 '/usr/include/x86_64-linux-gnu/linux/close_range.h', 标志:[], 模式:00, 文件描述符=-1
[PID:2025769] open: 打开文件 '/usr/include/linux/close_range.h', 标志:[], 模式:00, 文件描述符=4
[PID:2025769] close: 关闭文件描述符=4, 结果=0
[PID:2025769] open: 打开文件 '/usr/lib/gcc/x86_64-linux-gnu/13/include/sys/stat.h', 标志:[], 模式:00, 文件描述符=-1
[PID:2025769] open: 打开文件 '/usr/local/include/sys/stat.h', 标志:[], 模式:00, 文件描述符=-1
[PID:2025769] open: 打开文件 '/usr/include/x86_64-linux-gnu/sys/stat.h', 标志:[], 模式:00, 文件描述符=4
[PID:2025769] close: 关闭文件描述符=4, 结果=0
[PID:2025769] open: 打开文件 '/usr/lib/gcc/x86_64-linux-gnu/13/include/bits/stat.h', 标志:[], 模式:00, 文件描述符=-1
[PID:2025769] open: 打开文件 '/usr/local/include/bits/stat.h', 标志:[], 模式:00, 文件描述符=-1
[PID:2025769] open: 打开文件 '/usr/include/x86_64-linux-gnu/bits/stat.h', 标志:[], 模式:00, 文件描述符=4
[PID:2025769] close: 关闭文件描述符=4, 结果=0
[PID:2025769] open: 打开文件 '/usr/lib/gcc/x86_64-linux-gnu/13/include/bits/struct_stat.h', 标志:[], 模式:00, 文件描述符=-1
[PID:2025769] open: 打开文件 '/usr/local/include/bits/struct_stat.h', 标志:[], 模式:00, 文件描述符=-1
[PID:2025769] open: 打开文件 '/usr/include/x86_64-linux-gnu/bits/struct_stat.h', 标志:[], 模式:00, 文件描述符=4
[PID:2025769] close: 关闭文件描述符=4, 结果=0
[PID:2025769] open: 打开文件 '/usr/lib/gcc/x86_64-linux-gnu/13/include/bits/statx.h', 标志:[], 模式:00, 文件描述符=-1
[PID:2025769] open: 打开文件 '/usr/local/include/bits/statx.h', 标志:[], 模式:00, 文件描述符=-1
[PID:2025769] open: 打开文件 '/usr/include/x86_64-linux-gnu/bits/statx.h', 标志:[], 模式:00, 文件描述符=4
[PID:2025769] close: 关闭文件描述符=4, 结果=0
[PID:2025769] open: 打开文件 '/usr/include/x86_64-linux-gnu/bits/linux/stat.h', 标志:[], 模式:00, 文件描述符=-1
[PID:2025769] open: 打开文件 '/usr/lib/gcc/x86_64-linux-gnu/13/include/linux/stat.h', 标志:[], 模式:00, 文件描述符=-1
[PID:2025769] open: 打开文件 '/usr/local/include/linux/stat.h', 标志:[], 模式:00, 文件描述符=-1
[PID:2025769] open: 打开文件 '/usr/include/x86_64-linux-gnu/linux/stat.h', 标志:[], 模式:00, 文件描述符=-1
[PID:2025769] open: 打开文件 '/usr/include/linux/stat.h', 标志:[], 模式:00, 文件描述符=4
[PID:2025769] close: 关闭文件描述符=4, 结果=0
[PID:2025769] open: 打开文件 '/usr/lib/gcc/x86_64-linux-gnu/13/include/linux/types.h', 标志:[], 模式:00, 文件描述符=-1
[PID:2025769] open: 打开文件 '/usr/local/include/linux/types.h', 标志:[], 模式:00, 文件描述符=-1
[PID:2025769] open: 打开文件 '/usr/include/x86_64-linux-gnu/linux/types.h', 标志:[], 模式:00, 文件描述符=-1
[PID:2025769] open: 打开文件 '/usr/include/linux/types.h', 标志:[], 模式:00, 文件描述符=4
[PID:2025769] close: 关闭文件描述符=4, 结果=0
[PID:2025769] open: 打开文件 '/usr/lib/gcc/x86_64-linux-gnu/13/include/asm/types.h', 标志:[], 模式:00, 文件描述符=-1
[PID:2025769] open: 打开文件 '/usr/local/include/asm/types.h', 标志:[], 模式:00, 文件描述符=-1
[PID:2025769] open: 打开文件 '/usr/include/x86_64-linux-gnu/asm/types.h', 标志:[], 模式:00, 文件描述符=4
[PID:2025769] close: 关闭文件描述符=4, 结果=0
[PID:2025769] open: 打开文件 '/usr/lib/gcc/x86_64-linux-gnu/13/include/asm-generic/types.h', 标志:[], 模式:00, 文件描述符=-1
[PID:2025769] open: 打开文件 '/usr/local/include/asm-generic/types.h', 标志:[], 模式:00, 文件描述符=-1
[PID:2025769] open: 打开文件 '/usr/include/x86_64-linux-gnu/asm-generic/types.h', 标志:[], 模式:00, 文件描述符=-1
[PID:2025769] open: 打开文件 '/usr/include/asm-generic/types.h', 标志:[], 模式:00, 文件描述符=4
[PID:2025769] close: 关闭文件描述符=4, 结果=0
[PID:2025769] open: 打开文件 '/usr/lib/gcc/x86_64-linux-gnu/13/include/asm-generic/int-ll64.h', 标志:[], 模式:00, 文件描述符=-1
[PID:2025769] open: 打开文件 '/usr/local/include/asm-generic/int-ll64.h', 标志:[], 模式:00, 文件描述符=-1
[PID:2025769] open: 打开文件 '/usr/include/x86_64-linux-gnu/asm-generic/int-ll64.h', 标志:[], 模式:00, 文件描述符=-1
[PID:2025769] open: 打开文件 '/usr/include/asm-generic/int-ll64.h', 标志:[], 模式:00, 文件描述符=4
[PID:2025769] close: 关闭文件描述符=4, 结果=0
[PID:2025769] open: 打开文件 '/usr/lib/gcc/x86_64-linux-gnu/13/include/asm/bitsperlong.h', 标志:[], 模式:00, 文件描述符=-1
[PID:2025769] open: 打开文件 '/usr/local/include/asm/bitsperlong.h', 标志:[], 模式:00, 文件描述符=-1
[PID:2025769] open: 打开文件 '/usr/include/x86_64-linux-gnu/asm/bitsperlong.h', 标志:[], 模式:00, 文件描述符=4
[PID:2025769] close: 关闭文件描述符=4, 结果=0
[PID:2025769] open: 打开文件 '/usr/lib/gcc/x86_64-linux-gnu/13/include/asm-generic/bitsperlong.h', 标志:[], 模式:00, 文件描述符=-1
[PID:2025769] open: 打开文件 '/usr/local/include/asm-generic/bitsperlong.h', 标志:[], 模式:00, 文件描述符=-1
[PID:2025769] open: 打开文件 '/usr/include/x86_64-linux-gnu/asm-generic/bitsperlong.h', 标志:[], 模式:00, 文件描述符=-1
[PID:2025769] open: 打开文件 '/usr/include/asm-generic/bitsperlong.h', 标志:[], 模式:00, 文件描述符=4
[PID:2025769] close: 关闭文件描述符=4, 结果=0
[PID:2025769] open: 打开文件 '/usr/lib/gcc/x86_64-linux-gnu/13/include/linux/posix_types.h', 标志:[], 模式:00, 文件描述符=-1
[PID:2025769] open: 打开文件 '/usr/local/include/linux/posix_types.h', 标志:[], 模式:00, 文件描述符=-1
[PID:2025769] open: 打开文件 '/usr/include/x86_64-linux-gnu/linux/posix_types.h', 标志:[], 模式:00, 文件描述符=-1
[PID:2025769] open: 打开文件 '/usr/include/linux/posix_types.h', 标志:[], 模式:00, 文件描述符=4
[PID:2025769] close: 关闭文件描述符=4, 结果=0
[PID:2025769] open: 打开文件 '/usr/lib/gcc/x86_64-linux-gnu/13/include/linux/stddef.h', 标志:[], 模式:00, 文件描述符=-1
[PID:2025769] open: 打开文件 '/usr/local/include/linux/stddef.h', 标志:[], 模式:00, 文件描述符=-1
[PID:2025769] open: 打开文件 '/usr/include/x86_64-linux-gnu/linux/stddef.h', 标志:[], 模式:00, 文件描述符=-1
[PID:2025769] open: 打开文件 '/usr/include/linux/stddef.h', 标志:[], 模式:00, 文件描述符=4
[PID:2025769] close: 关闭文件描述符=4, 结果=0
[PID:2025769] open: 打开文件 '/usr/lib/gcc/x86_64-linux-gnu/13/include/asm/posix_types.h', 标志:[], 模式:00, 文件描述符=-1
[PID:2025769] open: 打开文件 '/usr/local/include/asm/posix_types.h', 标志:[], 模式:00, 文件描述符=-1
[PID:2025769] open: 打开文件 '/usr/include/x86_64-linux-gnu/asm/posix_types.h', 标志:[], 模式:00, 文件描述符=4
[PID:2025769] close: 关闭文件描述符=4, 结果=0
[PID:2025769] open: 打开文件 '/usr/lib/gcc/x86_64-linux-gnu/13/include/asm/posix_types_64.h', 标志:[], 模式:00, 文件描述符=-1
[PID:2025769] open: 打开文件 '/usr/local/include/asm/posix_types_64.h', 标志:[], 模式:00, 文件描述符=-1
[PID:2025769] open: 打开文件 '/usr/include/x86_64-linux-gnu/asm/posix_types_64.h', 标志:[], 模式:00, 文件描述符=4
[PID:2025769] close: 关闭文件描述符=4, 结果=0
[PID:2025769] open: 打开文件 '/usr/lib/gcc/x86_64-linux-gnu/13/include/asm-generic/posix_types.h', 标志:[], 模式:00, 文件描述符=-1
[PID:2025769] open: 打开文件 '/usr/local/include/asm-generic/posix_types.h', 标志:[], 模式:00, 文件描述符=-1
[PID:2025769] open: 打开文件 '/usr/include/x86_64-linux-gnu/asm-generic/posix_types.h', 标志:[], 模式:00, 文件描述符=-1
[PID:2025769] open: 打开文件 '/usr/include/asm-generic/posix_types.h', 标志:[], 模式:00, 文件描述符=4
[PID:2025769] close: 关闭文件描述符=4, 结果=0
[PID:2025769] open: 打开文件 '/usr/lib/gcc/x86_64-linux-gnu/13/include/bits/statx-generic.h', 标志:[], 模式:00, 文件描述符=-1
[PID:2025769] open: 打开文件 '/usr/local/include/bits/statx-generic.h', 标志:[], 模式:00, 文件描述符=-1
[PID:2025769] open: 打开文件 '/usr/include/x86_64-linux-gnu/bits/statx-generic.h', 标志:[], 模式:00, 文件描述符=4
[PID:2025769] close: 关闭文件描述符=4, 结果=0
[PID:2025769] open: 打开文件 '/usr/lib/gcc/x86_64-linux-gnu/13/include/bits/types/struct_statx_timestamp.h', 标志:[], 模式:00, 文件描述符=-1
[PID:2025769] open: 打开文件 '/usr/local/include/bits/types/struct_statx_timestamp.h', 标志:[], 模式:00, 文件描述符=-1
[PID:2025769] open: 打开文件 '/usr/include/x86_64-linux-gnu/bits/types/struct_statx_timestamp.h', 标志:[], 模式:00, 文件描述符=4
[PID:2025769] close: 关闭文件描述符=4, 结果=0
[PID:2025769] open: 打开文件 '/usr/lib/gcc/x86_64-linux-gnu/13/include/bits/types/struct_statx.h', 标志:[], 模式:00, 文件描述符=-1
[PID:2025769] open: 打开文件 '/usr/local/include/bits/types/struct_statx.h', 标志:[], 模式:00, 文件描述符=-1
[PID:2025769] open: 打开文件 '/usr/include/x86_64-linux-gnu/bits/types/struct_statx.h', 标志:[], 模式:00, 文件描述符=4
[PID:2025769] close: 关闭文件描述符=4, 结果=0
[PID:2025769] open: 打开文件 '/usr/lib/gcc/x86_64-linux-gnu/13/include/sys/wait.h', 标志:[], 模式:00, 文件描述符=-1
[PID:2025769] open: 打开文件 '/usr/local/include/sys/wait.h', 标志:[], 模式:00, 文件描述符=-1
[PID:2025769] open: 打开文件 '/usr/include/x86_64-linux-gnu/sys/wait.h', 标志:[], 模式:00, 文件描述符=4
[PID:2025769] close: 关闭文件描述符=4, 结果=0
[PID:2025769] open: 打开文件 '/usr/lib/gcc/x86_64-linux-gnu/13/include/signal.h', 标志:[], 模式:00, 文件描述符=-1
[PID:2025769] open: 打开文件 '/usr/local/include/signal.h', 标志:[], 模式:00, 文件描述符=-1
[PID:2025769] open: 打开文件 '/usr/include/x86_64-linux-gnu/signal.h', 标志:[], 模式:00, 文件描述符=-1
[PID:2025769] open: 打开文件 '/usr/include/signal.h', 标志:[], 模式:00, 文件描述符=4
[PID:2025769] close: 关闭文件描述符=4, 结果=0
[PID:2025769] open: 打开文件 '/usr/lib/gcc/x86_64-linux-gnu/13/include/bits/signum-generic.h', 标志:[], 模式:00, 文件描述符=-1
[PID:2025769] open: 打开文件 '/usr/local/include/bits/signum-generic.h', 标志:[], 模式:00, 文件描述符=-1
[PID:2025769] open: 打开文件 '/usr/include/x86_64-linux-gnu/bits/signum-generic.h', 标志:[], 模式:00, 文件描述符=4
[PID:2025769] close: 关闭文件描述符=4, 结果=0
[PID:2025769] open: 打开文件 '/usr/lib/gcc/x86_64-linux-gnu/13/include/bits/signum-arch.h', 标志:[], 模式:00, 文件描述符=-1
[PID:2025769] open: 打开文件 '/usr/local/include/bits/signum-arch.h', 标志:[], 模式:00, 文件描述符=-1
[PID:2025769] open: 打开文件 '/usr/include/x86_64-linux-gnu/bits/signum-arch.h', 标志:[], 模式:00, 文件描述符=4
[PID:2025769] close: 关闭文件描述符=4, 结果=0
[PID:2025769] open: 打开文件 '/usr/lib/gcc/x86_64-linux-gnu/13/include/bits/types/sig_atomic_t.h', 标志:[], 模式:00, 文件描述符=-1
[PID:2025769] open: 打开文件 '/usr/local/include/bits/types/sig_atomic_t.h', 标志:[], 模式:00, 文件描述符=-1
[PID:2025769] open: 打开文件 '/usr/include/x86_64-linux-gnu/bits/types/sig_atomic_t.h', 标志:[], 模式:00, 文件描述符=4
[PID:2025769] close: 关闭文件描述符=4, 结果=0
[PID:2025769] open: 打开文件 '/usr/lib/gcc/x86_64-linux-gnu/13/include/bits/types/siginfo_t.h', 标志:[], 模式:00, 文件描述符=-1
[PID:2025769] open: 打开文件 '/usr/local/include/bits/types/siginfo_t.h', 标志:[], 模式:00, 文件描述符=-1
[PID:2025769] open: 打开文件 '/usr/include/x86_64-linux-gnu/bits/types/siginfo_t.h', 标志:[], 模式:00, 文件描述符=4
[PID:2025769] close: 关闭文件描述符=4, 结果=0
[PID:2025769] open: 打开文件 '/usr/include/x86_64-linux-gnu/bits/wordsize.h', 标志:[], 模式:00, 文件描述符=4
[PID:2025769] close: 关闭文件描述符=4, 结果=0
[PID:2025769] open: 打开文件 '/usr/lib/gcc/x86_64-linux-gnu/13/include/bits/types/__sigval_t.h', 标志:[], 模式:00, 文件描述符=-1
[PID:2025769] open: 打开文件 '/usr/local/include/bits/types/__sigval_t.h', 标志:[], 模式:00, 文件描述符=-1
[PID:2025769] open: 打开文件 '/usr/include/x86_64-linux-gnu/bits/types/__sigval_t.h', 标志:[], 模式:00, 文件描述符=4
[PID:2025769] close: 关闭文件描述符=4, 结果=0
[PID:2025769] open: 打开文件 '/usr/lib/gcc/x86_64-linux-gnu/13/include/bits/siginfo-arch.h', 标志:[], 模式:00, 文件描述符=-1
[PID:2025769] open: 打开文件 '/usr/local/include/bits/siginfo-arch.h', 标志:[], 模式:00, 文件描述符=-1
[PID:2025769] open: 打开文件 '/usr/include/x86_64-linux-gnu/bits/siginfo-arch.h', 标志:[], 模式:00, 文件描述符=4
[PID:2025769] close: 关闭文件描述符=4, 结果=0
[PID:2025769] open: 打开文件 '/usr/lib/gcc/x86_64-linux-gnu/13/include/bits/siginfo-consts.h', 标志:[], 模式:00, 文件描述符=-1
[PID:2025769] open: 打开文件 '/usr/local/include/bits/siginfo-consts.h', 标志:[], 模式:00, 文件描述符=-1
[PID:2025769] open: 打开文件 '/usr/include/x86_64-linux-gnu/bits/siginfo-consts.h', 标志:[], 模式:00, 文件描述符=4
[PID:2025769] close: 关闭文件描述符=4, 结果=0
[PID:2025769] open: 打开文件 '/usr/lib/gcc/x86_64-linux-gnu/13/include/bits/siginfo-consts-arch.h', 标志:[], 模式:00, 文件描述符=-1
[PID:2025769] open: 打开文件 '/usr/local/include/bits/siginfo-consts-arch.h', 标志:[], 模式:00, 文件描述符=-1
[PID:2025769] open: 打开文件 '/usr/include/x86_64-linux-gnu/bits/siginfo-consts-arch.h', 标志:[], 模式:00, 文件描述符=4
[PID:2025769] close: 关闭文件描述符=4, 结果=0
[PID:2025769] open: 打开文件 '/usr/lib/gcc/x86_64-linux-gnu/13/include/bits/types/sigval_t.h', 标志:[], 模式:00, 文件描述符=-1
[PID:2025769] open: 打开文件 '/usr/local/include/bits/types/sigval_t.h', 标志:[], 模式:00, 文件描述符=-1
[PID:2025769] open: 打开文件 '/usr/include/x86_64-linux-gnu/bits/types/sigval_t.h', 标志:[], 模式:00, 文件描述符=4
[PID:2025769] close: 关闭文件描述符=4, 结果=0
[PID:2025769] open: 打开文件 '/usr/lib/gcc/x86_64-linux-gnu/13/include/bits/types/sigevent_t.h', 标志:[], 模式:00, 文件描述符=-1
[PID:2025769] open: 打开文件 '/usr/local/include/bits/types/sigevent_t.h', 标志:[], 模式:00, 文件描述符=-1
[PID:2025769] open: 打开文件 '/usr/include/x86_64-linux-gnu/bits/types/sigevent_t.h', 标志:[], 模式:00, 文件描述符=4
[PID:2025769] close: 关闭文件描述符=4, 结果=0
[PID:2025769] open: 打开文件 '/usr/include/x86_64-linux-gnu/bits/wordsize.h', 标志:[], 模式:00, 文件描述符=4
[PID:2025769] close: 关闭文件描述符=4, 结果=0
[PID:2025769] open: 打开文件 '/usr/lib/gcc/x86_64-linux-gnu/13/include/bits/sigevent-consts.h', 标志:[], 模式:00, 文件描述符=-1
[PID:2025769] open: 打开文件 '/usr/local/include/bits/sigevent-consts.h', 标志:[], 模式:00, 文件描述符=-1
[PID:2025769] open: 打开文件 '/usr/include/x86_64-linux-gnu/bits/sigevent-consts.h', 标志:[], 模式:00, 文件描述符=4
[PID:2025769] close: 关闭文件描述符=4, 结果=0
[PID:2025769] open: 打开文件 '/usr/lib/gcc/x86_64-linux-gnu/13/include/bits/sigaction.h', 标志:[], 模式:00, 文件描述符=-1
[PID:2025769] open: 打开文件 '/usr/local/include/bits/sigaction.h', 标志:[], 模式:00, 文件描述符=-1
[PID:2025769] open: 打开文件 '/usr/include/x86_64-linux-gnu/bits/sigaction.h', 标志:[], 模式:00, 文件描述符=4
[PID:2025769] close: 关闭文件描述符=4, 结果=0
[PID:2025769] open: 打开文件 '/usr/lib/gcc/x86_64-linux-gnu/13/include/bits/sigcontext.h', 标志:[], 模式:00, 文件描述符=-1
[PID:2025769] open: 打开文件 '/usr/local/include/bits/sigcontext.h', 标志:[], 模式:00, 文件描述符=-1
[PID:2025769] open: 打开文件 '/usr/include/x86_64-linux-gnu/bits/sigcontext.h', 标志:[], 模式:00, 文件描述符=4
[PID:2025769] close: 关闭文件描述符=4, 结果=0
[PID:2025769] open: 打开文件 '/usr/lib/gcc/x86_64-linux-gnu/13/include/stddef.h', 标志:[], 模式:00, 文件描述符=4
[PID:2025769] close: 关闭文件描述符=4, 结果=0
[PID:2025769] open: 打开文件 '/usr/lib/gcc/x86_64-linux-gnu/13/include/bits/types/stack_t.h', 标志:[], 模式:00, 文件描述符=-1
[PID:2025769] open: 打开文件 '/usr/local/include/bits/types/stack_t.h', 标志:[], 模式:00, 文件描述符=-1
[PID:2025769] open: 打开文件 '/usr/include/x86_64-linux-gnu/bits/types/stack_t.h', 标志:[], 模式:00, 文件描述符=4
[PID:2025769] close: 关闭文件描述符=4, 结果=0
[PID:2025769] open: 打开文件 '/usr/lib/gcc/x86_64-linux-gnu/13/include/stddef.h', 标志:[], 模式:00, 文件描述符=4
[PID:2025769] close: 关闭文件描述符=4, 结果=0
[PID:2025769] open: 打开文件 '/usr/lib/gcc/x86_64-linux-gnu/13/include/sys/ucontext.h', 标志:[], 模式:00, 文件描述符=-1
[PID:2025769] open: 打开文件 '/usr/local/include/sys/ucontext.h', 标志:[], 模式:00, 文件描述符=-1
[PID:2025769] open: 打开文件 '/usr/include/x86_64-linux-gnu/sys/ucontext.h', 标志:[], 模式:00, 文件描述符=4
[PID:2025769] close: 关闭文件描述符=4, 结果=0
[PID:2025769] open: 打开文件 '/usr/lib/gcc/x86_64-linux-gnu/13/include/bits/sigstack.h', 标志:[], 模式:00, 文件描述符=-1
[PID:2025769] open: 打开文件 '/usr/local/include/bits/sigstack.h', 标志:[], 模式:00, 文件描述符=-1
[PID:2025769] open: 打开文件 '/usr/include/x86_64-linux-gnu/bits/sigstack.h', 标志:[], 模式:00, 文件描述符=4
[PID:2025769] close: 关闭文件描述符=4, 结果=0
[PID:2025769] open: 打开文件 '/usr/lib/gcc/x86_64-linux-gnu/13/include/bits/sigstksz.h', 标志:[], 模式:00, 文件描述符=-1
[PID:2025769] open: 打开文件 '/usr/local/include/bits/sigstksz.h', 标志:[], 模式:00, 文件描述符=-1
[PID:2025769] open: 打开文件 '/usr/include/x86_64-linux-gnu/bits/sigstksz.h', 标志:[], 模式:00, 文件描述符=4
[PID:2025769] close: 关闭文件描述符=4, 结果=0
[PID:2025769] open: 打开文件 '/usr/lib/gcc/x86_64-linux-gnu/13/include/bits/ss_flags.h', 标志:[], 模式:00, 文件描述符=-1
[PID:2025769] open: 打开文件 '/usr/local/include/bits/ss_flags.h', 标志:[], 模式:00, 文件描述符=-1
[PID:2025769] open: 打开文件 '/usr/include/x86_64-linux-gnu/bits/ss_flags.h', 标志:[], 模式:00, 文件描述符=4
[PID:2025769] close: 关闭文件描述符=4, 结果=0
[PID:2025769] open: 打开文件 '/usr/lib/gcc/x86_64-linux-gnu/13/include/bits/types/struct_sigstack.h', 标志:[], 模式:00, 文件描述符=-1
[PID:2025769] open: 打开文件 '/usr/local/include/bits/types/struct_sigstack.h', 标志:[], 模式:00, 文件描述符=-1
[PID:2025769] open: 打开文件 '/usr/include/x86_64-linux-gnu/bits/types/struct_sigstack.h', 标志:[], 模式:00, 文件描述符=4
[PID:2025769] close: 关闭文件描述符=4, 结果=0
[PID:2025769] open: 打开文件 '/usr/lib/gcc/x86_64-linux-gnu/13/include/bits/sigthread.h', 标志:[], 模式:00, 文件描述符=-1
[PID:2025769] open: 打开文件 '/usr/local/include/bits/sigthread.h', 标志:[], 模式:00, 文件描述符=-1
[PID:2025769] open: 打开文件 '/usr/include/x86_64-linux-gnu/bits/sigthread.h', 标志:[], 模式:00, 文件描述符=4
[PID:2025769] close: 关闭文件描述符=4, 结果=0
[PID:2025769] open: 打开文件 '/usr/lib/gcc/x86_64-linux-gnu/13/include/bits/signal_ext.h', 标志:[], 模式:00, 文件描述符=-1
[PID:2025769] open: 打开文件 '/usr/local/include/bits/signal_ext.h', 标志:[], 模式:00, 文件描述符=-1
[PID:2025769] open: 打开文件 '/usr/include/x86_64-linux-gnu/bits/signal_ext.h', 标志:[], 模式:00, 文件描述符=4
[PID:2025769] close: 关闭文件描述符=4, 结果=0
[PID:2025769] open: 打开文件 '/usr/lib/gcc/x86_64-linux-gnu/13/include/bits/types/idtype_t.h', 标志:[], 模式:00, 文件描述符=-1
[PID:2025769] open: 打开文件 '/usr/local/include/bits/types/idtype_t.h', 标志:[], 模式:00, 文件描述符=-1
[PID:2025769] open: 打开文件 '/usr/include/x86_64-linux-gnu/bits/types/idtype_t.h', 标志:[], 模式:00, 文件描述符=4
[PID:2025769] close: 关闭文件描述符=4, 结果=0
[PID:2025769] open: 打开文件 '/usr/lib/gcc/x86_64-linux-gnu/13/include/fcntl.h', 标志:[], 模式:00, 文件描述符=-1
[PID:2025769] open: 打开文件 '/usr/local/include/fcntl.h', 标志:[], 模式:00, 文件描述符=-1
[PID:2025769] open: 打开文件 '/usr/include/x86_64-linux-gnu/fcntl.h', 标志:[], 模式:00, 文件描述符=-1
[PID:2025769] open: 打开文件 '/usr/include/fcntl.h', 标志:[], 模式:00, 文件描述符=4
[PID:2025769] close: 关闭文件描述符=4, 结果=0
[PID:2025769] open: 打开文件 '/usr/lib/gcc/x86_64-linux-gnu/13/include/bits/fcntl.h', 标志:[], 模式:00, 文件描述符=-1
[PID:2025769] open: 打开文件 '/usr/local/include/bits/fcntl.h', 标志:[], 模式:00, 文件描述符=-1
[PID:2025769] open: 打开文件 '/usr/include/x86_64-linux-gnu/bits/fcntl.h', 标志:[], 模式:00, 文件描述符=4
[PID:2025769] close: 关闭文件描述符=4, 结果=0
[PID:2025769] open: 打开文件 '/usr/lib/gcc/x86_64-linux-gnu/13/include/bits/fcntl-linux.h', 标志:[], 模式:00, 文件描述符=-1
[PID:2025769] open: 打开文件 '/usr/local/include/bits/fcntl-linux.h', 标志:[], 模式:00, 文件描述符=-1
[PID:2025769] open: 打开文件 '/usr/include/x86_64-linux-gnu/bits/fcntl-linux.h', 标志:[], 模式:00, 文件描述符=4
[PID:2025769] close: 关闭文件描述符=4, 结果=0
[PID:2025769] open: 打开文件 '/usr/lib/gcc/x86_64-linux-gnu/13/include/bits/types/struct_iovec.h', 标志:[], 模式:00, 文件描述符=-1
[PID:2025769] open: 打开文件 '/usr/local/include/bits/types/struct_iovec.h', 标志:[], 模式:00, 文件描述符=-1
[PID:2025769] open: 打开文件 '/usr/include/x86_64-linux-gnu/bits/types/struct_iovec.h', 标志:[], 模式:00, 文件描述符=4
[PID:2025769] close: 关闭文件描述符=4, 结果=0
[PID:2025769] open: 打开文件 '/usr/lib/gcc/x86_64-linux-gnu/13/include/stddef.h', 标志:[], 模式:00, 文件描述符=4
[PID:2025769] close: 关闭文件描述符=4, 结果=0
[PID:2025769] open: 打开文件 '/usr/lib/gcc/x86_64-linux-gnu/13/include/linux/falloc.h', 标志:[], 模式:00, 文件描述符=-1
[PID:2025769] open: 打开文件 '/usr/local/include/linux/falloc.h', 标志:[], 模式:00, 文件描述符=-1
[PID:2025769] open: 打开文件 '/usr/include/x86_64-linux-gnu/linux/falloc.h', 标志:[], 模式:00, 文件描述符=-1
[PID:2025769] open: 打开文件 '/usr/include/linux/falloc.h', 标志:[], 模式:00, 文件描述符=4
[PID:2025769] close: 关闭文件描述符=4, 结果=0
[PID:2025769] open: 打开文件 '/usr/include/x86_64-linux-gnu/bits/stat.h', 标志:[], 模式:00, 文件描述符=4
[PID:2025769] close: 关闭文件描述符=4, 结果=0
[PID:2025769] open: 打开文件 '/usr/lib/gcc/x86_64-linux-gnu/13/include/time.h', 标志:[], 模式:00, 文件描述符=-1
[PID:2025769] open: 打开文件 '/usr/local/include/time.h', 标志:[], 模式:00, 文件描述符=-1
[PID:2025769] open: 打开文件 '/usr/include/x86_64-linux-gnu/time.h', 标志:[], 模式:00, 文件描述符=-1
[PID:2025769] open: 打开文件 '/usr/include/time.h', 标志:[], 模式:00, 文件描述符=4
[PID:2025769] close: 关闭文件描述符=4, 结果=0
[PID:2025769] open: 打开文件 '/usr/lib/gcc/x86_64-linux-gnu/13/include/stddef.h', 标志:[], 模式:00, 文件描述符=4
[PID:2025769] close: 关闭文件描述符=4, 结果=0
[PID:2025769] open: 打开文件 '/usr/lib/gcc/x86_64-linux-gnu/13/include/bits/time.h', 标志:[], 模式:00, 文件描述符=-1
[PID:2025769] open: 打开文件 '/usr/local/include/bits/time.h', 标志:[], 模式:00, 文件描述符=-1
[PID:2025769] open: 打开文件 '/usr/include/x86_64-linux-gnu/bits/time.h', 标志:[], 模式:00, 文件描述符=4
[PID:2025769] close: 关闭文件描述符=4, 结果=0
[PID:2025769] open: 打开文件 '/usr/lib/gcc/x86_64-linux-gnu/13/include/bits/timex.h', 标志:[], 模式:00, 文件描述符=-1
[PID:2025769] open: 打开文件 '/usr/local/include/bits/timex.h', 标志:[], 模式:00, 文件描述符=-1
[PID:2025769] open: 打开文件 '/usr/include/x86_64-linux-gnu/bits/timex.h', 标志:[], 模式:00, 文件描述符=4
[PID:2025769] close: 关闭文件描述符=4, 结果=0
[PID:2025769] open: 打开文件 '/usr/lib/gcc/x86_64-linux-gnu/13/include/bits/types/struct_tm.h', 标志:[], 模式:00, 文件描述符=-1
[PID:2025769] open: 打开文件 '/usr/local/include/bits/types/struct_tm.h', 标志:[], 模式:00, 文件描述符=-1
[PID:2025769] open: 打开文件 '/usr/include/x86_64-linux-gnu/bits/types/struct_tm.h', 标志:[], 模式:00, 文件描述符=4
[PID:2025769] close: 关闭文件描述符=4, 结果=0
[PID:2025769] open: 打开文件 '/usr/lib/gcc/x86_64-linux-gnu/13/include/bits/types/struct_itimerspec.h', 标志:[], 模式:00, 文件描述符=-1
[PID:2025769] open: 打开文件 '/usr/local/include/bits/types/struct_itimerspec.h', 标志:[], 模式:00, 文件描述符=-1
[PID:2025769] open: 打开文件 '/usr/include/x86_64-linux-gnu/bits/types/struct_itimerspec.h', 标志:[], 模式:00, 文件描述符=4
[PID:2025769] close: 关闭文件描述符=4, 结果=0
[PID:2025769] open: 打开文件 '/usr/lib/gcc/x86_64-linux-gnu/13/include/stdarg.h', 标志:[], 模式:00, 文件描述符=4
[PID:2025769] close: 关闭文件描述符=4, 结果=0
[PID:2025768] close: 关闭文件描述符=3, 结果=0
[PID:2025770] close: 关闭文件描述符=3, 结果=0
[PID:2025770] execvp: 执行命令(PATH查找): as as --64 -o /tmp/cccAcZD4.o /tmp/ccN9KhwF.s
[PID:2025768] close: 关闭文件描述符=4, 结果=0
[PID:2025768] close: 关闭文件描述符=3, 结果=0
[PID:2025768] access: 检查文件 '/usr/libexec/gcc/x86_64-linux-gnu/13/collect2', 模式:[X_OK ], 结果=0 (成功)
[PID:2025768] access: 检查文件 '/usr/libexec/gcc/x86_64-linux-gnu/13/liblto_plugin.so', 模式:[R_OK ], 结果=0 (成功)
[PID:2025768] close: 关闭文件描述符=3, 结果=0
[PID:2025768] access: 检查文件 '/usr/lib/gcc/x86_64-linux-gnu/13/crti.o', 模式:[R_OK ], 结果=-1 (失败)
[PID:2025768] access: 检查文件 '/usr/lib/gcc/x86_64-linux-gnu/13/../../../../x86_64-linux-gnu/lib/x86_64-linux-gnu/13/crti.o', 模式:[R_OK ], 结果=-1 (失败)
[PID:2025768] access: 检查文件 '/usr/lib/gcc/x86_64-linux-gnu/13/../../../../x86_64-linux-gnu/lib/x86_64-linux-gnu/crti.o', 模式:[R_OK ], 结果=-1 (失败)
[PID:2025768] access: 检查文件 '/usr/lib/gcc/x86_64-linux-gnu/13/../../../../x86_64-linux-gnu/lib/../lib/crti.o', 模式:[R_OK ], 结果=-1 (失败)
[PID:2025768] access: 检查文件 '/usr/lib/gcc/x86_64-linux-gnu/13/../../../x86_64-linux-gnu/13/crti.o', 模式:[R_OK ], 结果=-1 (失败)
[PID:2025768] access: 检查文件 '/usr/lib/gcc/x86_64-linux-gnu/13/../../../x86_64-linux-gnu/crti.o', 模式:[R_OK ], 结果=0 (成功)
[PID:2025768] access: 检查文件 '/usr/lib/gcc/x86_64-linux-gnu/13/crtbeginS.o', 模式:[R_OK ], 结果=0 (成功)
[PID:2025768] access: 检查文件 '/usr/lib/gcc/x86_64-linux-gnu/13/crtendS.o', 模式:[R_OK ], 结果=0 (成功)
[PID:2025768] access: 检查文件 '/usr/lib/gcc/x86_64-linux-gnu/13/crtn.o', 模式:[R_OK ], 结果=-1 (失败)
[PID:2025768] access: 检查文件 '/usr/lib/gcc/x86_64-linux-gnu/13/../../../../x86_64-linux-gnu/lib/x86_64-linux-gnu/13/crtn.o', 模式:[R_OK ], 结果=-1 (失败)
[PID:2025768] access: 检查文件 '/usr/lib/gcc/x86_64-linux-gnu/13/../../../../x86_64-linux-gnu/lib/x86_64-linux-gnu/crtn.o', 模式:[R_OK ], 结果=-1 (失败)
[PID:2025768] access: 检查文件 '/usr/lib/gcc/x86_64-linux-gnu/13/../../../../x86_64-linux-gnu/lib/../lib/crtn.o', 模式:[R_OK ], 结果=-1 (失败)
[PID:2025768] access: 检查文件 '/usr/lib/gcc/x86_64-linux-gnu/13/../../../x86_64-linux-gnu/13/crtn.o', 模式:[R_OK ], 结果=-1 (失败)
[PID:2025768] access: 检查文件 '/usr/lib/gcc/x86_64-linux-gnu/13/../../../x86_64-linux-gnu/crtn.o', 模式:[R_OK ], 结果=0 (成功)
[PID:2025768] access: 检查文件 '/usr/libexec/gcc/x86_64-linux-gnu/13/collect2', 模式:[X_OK ], 结果=0 (成功)
[PID:2025771] close: 关闭文件描述符=3, 结果=0
[PID:2025771] execv: 执行命令: /usr/libexec/gcc/x86_64-linux-gnu/13/collect2 /usr/libexec/gcc/x86_64-linux-gnu/13/collect2 -plugin /usr/libexec/gcc/x86_64-linux-gnu/13/liblto_plugin.so -plugin-opt=/usr/libexec/gcc/x86_64-linux-gnu/13/lto-wrapper -plugin-opt=-fresolution=/tmp/ccrqZGWD.res -plugin-opt=-pass-through=-lgcc -plugin-opt=-pass-through=-lgcc_s -plugin-opt=-pass-through=-lc -plugin-opt=-pass-through=-lgcc -plugin-opt=-pass-through=-lgcc_s --build-id --eh-frame-hdr -m elf_x86_64 --hash-style=gnu --as-needed -shared -z relro -o syscall_hook_fixed2.so /usr/lib/gcc/x86_64-linux-gnu/13/../../../x86_64-linux-gnu/crti.o /usr/lib/gcc/x86_64-linux-gnu/13/crtbeginS.o -L/usr/lib/gcc/x86_64-linux-gnu/13 -L/usr/lib/gcc/x86_64-linux-gnu/13/../../../x86_64-linux-gnu -L/usr/lib/gcc/x86_64-linux-gnu/13/../../../../lib -L/lib/x86_64-linux-gnu -L/lib/../lib -L/usr/lib/x86_64-linux-gnu -L/usr/lib/../lib -L/usr/lib/gcc/x86_64-linux-gnu/13/../../.. /tmp/cccAcZD4.o -ldl -lgcc --push-state --as-needed -lgcc_s --pop-stat      ح [PID:2025768] close: 关闭文件描述符=4, 结果=0
[PID:2025768] close: 关闭文件描述符=3, 结果=0
[PID:2025771] access: 检查文件 '/usr/bin/ld', 模式:[X_OK ], 结果=0 (成功)
[PID:2025771] access: 检查文件 '/usr/bin/nm', 模式:[X_OK ], 结果=0 (成功)
[PID:2025771] access: 检查文件 '/usr/bin/strip', 模式:[X_OK ], 结果=0 (成功)
[PID:2025771] access: 检查文件 '/usr/bin/gcc', 模式:[X_OK ], 结果=0 (成功)
[PID:2025771] access: 检查文件 '/tmp', 模式:[R_OK W_OK X_OK ], 结果=0 (成功)
[PID:2025771] close: 关闭文件描述符=3, 结果=0
[PID:2025771] close: 关闭文件描述符=3, 结果=0
[PID:2025772] close: 关闭文件描述符=3, 结果=0
[PID:2025772] execvp: 执行命令(PATH查找): /usr/bin/ld /usr/bin/ld -plugin /usr/libexec/gcc/x86_64-linux-gnu/13/liblto_plugin.so -plugin-opt=/usr/libexec/gcc/x86_64-linux-gnu/13/lto-wrapper -plugin-opt=-fresolution=/tmp/ccrqZGWD.res -plugin-opt=-pass-through=-lgcc -plugin-opt=-pass-through=-lgcc_s -plugin-opt=-pass-through=-lc -plugin-opt=-pass-through=-lgcc -plugin-opt=-pass-through=-lgcc_s --build-id --eh-frame-hdr -m elf_x86_64 --hash-style=gnu --as-needed -shared -z relro -o syscall_hook_fixed2.so /usr/lib/gcc/x86_64-linux-gnu/13/../../../x86_64-linux-gnu/crti.o /usr/lib/gcc/x86_64-linux-gnu/13/crtbeginS.o -L/usr/lib/gcc/x86_64-linux-gnu/13 -L/usr/lib/gcc/x86_64-linux-gnu/13/../../../x86_64-linux-gnu -L/usr/lib/gcc/x86_64-linux-gnu/13/../../../../lib -L/lib/x86_64-linux-gnu -L/lib/../lib -L/usr/lib/x86_64-linux-gnu -L/usr/lib/../lib -L/usr/lib/gcc/x86_64-linux-gnu/13/../../.. /tmp/cccAcZD4.o -ldl -lgcc --push-state --as-needed -lgcc_s --pop-state -lc -lgcc --push-state --as-needed -lgcc_s --pop-stat          .q6J[PID:2025771] close: 关闭文件描述符=4, 结果=0
[PID:2025771] close: 关闭文件描述符=3, 结果=0
[PID:2025772] open: 打开文件 '/usr/lib/gcc/x86_64-linux-gnu/13/../../../x86_64-linux-gnu/crti.o', 标志:[], 模式:00, 文件描述符=5
[PID:2025772] close: 关闭文件描述符=5, 结果=0
[PID:2025772] open: 打开文件 '/usr/lib/gcc/x86_64-linux-gnu/13/crtbeginS.o', 标志:[], 模式:00, 文件描述符=6
[PID:2025772] close: 关闭文件描述符=6, 结果=0
[PID:2025772] open: 打开文件 '/tmp/cccAcZD4.o', 标志:[], 模式:00, 文件描述符=7
[PID:2025772] close: 关闭文件描述符=7, 结果=0
[PID:2025772] open: 打开文件 '/usr/lib/gcc/x86_64-linux-gnu/13/libgcc_s.so', 标志:[], 模式:00, 文件描述符=10
[PID:2025772] close: 关闭文件描述符=10, 结果=0
[PID:2025772] open: 打开文件 '/usr/lib/gcc/x86_64-linux-gnu/13/../../../x86_64-linux-gnu/libgcc_s.so.1', 标志:[], 模式:00, 文件描述符=10
[PID:2025772] close: 关闭文件描述符=10, 结果=0
[PID:2025772] open: 打开文件 '/usr/lib/gcc/x86_64-linux-gnu/13/../../../x86_64-linux-gnu/libc.so', 标志:[], 模式:00, 文件描述符=12
[PID:2025772] close: 关闭文件描述符=12, 结果=0
[PID:2025772] open: 打开文件 '/lib/x86_64-linux-gnu/libc.so.6', 标志:[], 模式:00, 文件描述符=12
[PID:2025772] close: 关闭文件描述符=12, 结果=0
[PID:2025772] open: 打开文件 '/lib64/ld-linux-x86-64.so.2', 标志:[], 模式:00, 文件描述符=14
[PID:2025772] close: 关闭文件描述符=14, 结果=0
[PID:2025772] open: 打开文件 '/usr/lib/gcc/x86_64-linux-gnu/13/libgcc_s.so', 标志:[], 模式:00, 文件描述符=16
[PID:2025772] close: 关闭文件描述符=16, 结果=0
[PID:2025772] open: 打开文件 '/usr/lib/gcc/x86_64-linux-gnu/13/../../../x86_64-linux-gnu/libgcc_s.so.1', 标志:[], 模式:00, 文件描述符=16
[PID:2025772] close: 关闭文件描述符=16, 结果=0
[PID:2025772] open: 打开文件 '/usr/lib/gcc/x86_64-linux-gnu/13/crtendS.o', 标志:[], 模式:00, 文件描述符=18
[PID:2025772] close: 关闭文件描述符=18, 结果=0
[PID:2025772] open: 打开文件 '/usr/lib/gcc/x86_64-linux-gnu/13/../../../x86_64-linux-gnu/crtn.o', 标志:[], 模式:00, 文件描述符=21
[PID:2025772] close: 关闭文件描述符=21, 结果=0
[PID:2025771] unlink: 删除文件 '/tmp/ccz995zb.cdtor.c', 结果=0 (成功)
[PID:2025771] unlink: 删除文件 '/tmp/ccii1mcO.cdtor.o', 结果=0 (成功)
[PID:2025768] unlink: 删除文件 '/tmp/ccrqZGWD.res', 结果=0 (成功)
[PID:2025768] unlink: 删除文件 '/tmp/cccAcZD4.o', 结果=0 (成功)
[PID:2025768] unlink: 删除文件 '/tmp/ccN9KhwF.s', 结果=0 (成功)
